<?xml version="1.0" encoding="UTF-8"?>
<!-- Generated by org.testng.reporters.JUnitXMLReporter -->
<testsuite hostname="Win7Entx64VM" name="Test" tests="1" failures="0" timestamp="4 Aug 2017 11:30:54 GMT" time="0.156" errors="0">
  <testcase name="@BeforeClass browserInitiate" time="0.0" classname="Suite.Suiteclass">
    <failure type="java.lang.NullPointerException">
      <![CDATA[java.lang.NullPointerException
	at ConfigurationManager.Configmanger.Firefoxprofile(Configmanger.java:28)
	at Base.Firefox.profilepresent(Firefox.java:38)
	at Base.Firefox.Init(Firefox.java:18)
	at Base.BaseY.setDriver(BaseY.java:40)
	at Base.BaseY.Initialbrowser(BaseY.java:25)
	at Base.BaseY.browserInitiate(BaseY.java:18)
... Removed 24 stack frames]]>
    </failure>
  </testcase> <!-- @BeforeClass browserInitiate -->
  <testcase name="@BeforeClass Startsuite" time="0.0" classname="Suite.Suiteclass">
    <skipped/>
  </testcase> <!-- @BeforeClass Startsuite -->
  <testcase name="M" time="0.0" classname="Suite.Suiteclass">
    <skipped/>
  </testcase> <!-- M -->
</testsuite> <!-- Test -->
