<?xml version="1.0" encoding="UTF-8"?>
<!-- Generated by org.testng.reporters.JUnitXMLReporter -->
<testsuite hostname="Win7Entx64VM" name="Test" tests="1" failures="1" timestamp="2 Aug 2017 10:35:48 GMT" time="20.845" errors="0">
  <testcase name="M" time="0.032" classname="Suite.Suiteclass">
    <failure type="java.lang.NullPointerException">
      <![CDATA[java.lang.NullPointerException
	at Module.Loginpage.Sigin(Loginpage.java:17)
	at Suite.Suiteclass.M(Suiteclass.java:23)
... Removed 24 stack frames]]>
    </failure>
  </testcase> <!-- M -->
</testsuite> <!-- Test -->
