<?xml version="1.0" encoding="UTF-8"?>
<testng-results skipped="0" failed="0" total="1" passed="1">
  <reporter-output>
  </reporter-output>
  <suite name="Suite" duration-ms="91958" started-at="2017-08-10T03:40:34Z" finished-at="2017-08-10T03:42:06Z">
    <groups>
    </groups>
    <test name="Test" duration-ms="91958" started-at="2017-08-10T03:40:34Z" finished-at="2017-08-10T03:42:06Z">
      <class name="Suite.Suiteclass">
        <test-method status="PASS" signature="browserInitiate(java.lang.String)[pri:0, instance:Suite.Suiteclass@4fe3c938]" name="browserInitiate" is-config="true" duration-ms="49751" started-at="2017-08-10T09:10:34Z" finished-at="2017-08-10T09:11:24Z">
          <params>
            <param index="0">
              <value>
                <![CDATA[ff]]>
              </value>
            </param>
          </params>
          <reporter-output>
          </reporter-output>
        </test-method> <!-- browserInitiate -->
        <test-method status="PASS" signature="Startsuite()[pri:0, instance:Suite.Suiteclass@4fe3c938]" name="Startsuite" is-config="true" duration-ms="34157" started-at="2017-08-10T09:11:24Z" finished-at="2017-08-10T09:11:58Z">
          <reporter-output>
          </reporter-output>
        </test-method> <!-- Startsuite -->
        <test-method status="PASS" signature="M()[pri:0, instance:Suite.Suiteclass@4fe3c938]" name="M" duration-ms="7907" started-at="2017-08-10T09:11:58Z" finished-at="2017-08-10T09:12:06Z">
          <reporter-output>
          </reporter-output>
        </test-method> <!-- M -->
      </class> <!-- Suite.Suiteclass -->
    </test> <!-- Test -->
  </suite> <!-- Suite -->
</testng-results>
